[0m01:13:28.758965 [debug] [MainThread]: Sending event: {'category': 'dbt', 'action': 'invocation', 'label': 'start', 'context': [<snowplow_tracker.self_describing_json.SelfDescribingJson object at 0x104d80e10>, <snowplow_tracker.self_describing_json.SelfDescribingJson object at 0x104d8a790>, <snowplow_tracker.self_describing_json.SelfDescribingJson object at 0x104d8ac50>]}


============================== 01:13:28.761293 | 2ac81b96-de9f-4e96-bb75-42ce510f7812 ==============================
[0m01:13:28.761293 [info ] [MainThread]: Running with dbt=1.6.3
[0m01:13:28.761574 [debug] [MainThread]: running dbt with arguments {'printer_width': '80', 'indirect_selection': 'eager', 'write_json': 'True', 'log_cache_events': 'False', 'partial_parse': 'True', 'cache_selected_only': 'False', 'warn_error': 'None', 'fail_fast': 'False', 'profiles_dir': '/Users/adityadey/.dbt', 'log_path': 'logs', 'version_check': 'True', 'debug': 'False', 'use_colors': 'True', 'use_experimental_parser': 'False', 'no_print': 'None', 'quiet': 'False', 'warn_error_options': 'WarnErrorOptions(include=[], exclude=[])', 'static_parser': 'True', 'invocation_command': 'dbt init', 'introspect': 'True', 'target_path': 'None', 'log_format': 'default', 'send_anonymous_usage_stats': 'True'}
[0m01:13:28.761829 [warn ] [MainThread]: [ConfigFolderDirectory]: Unable to parse dict {'dir': PosixPath('/Users/adityadey/.dbt')}
[0m01:13:28.761966 [info ] [MainThread]: Creating dbt configuration folder at 
[0m01:13:42.761333 [debug] [MainThread]: Starter project path: /Users/adityadey/miniconda3/envs/melting/lib/python3.11/site-packages/dbt/include/starter_project
[0m01:13:42.771567 [info ] [MainThread]: 
Your new dbt project "bradley_cleaned_data" was created!

For more information on how to configure the profiles.yml file,
please consult the dbt documentation here:

  https://docs.getdbt.com/docs/configure-your-profile

One more thing:

Need help? Don't hesitate to reach out to us via GitHub issues or on Slack:

  https://community.getdbt.com/

Happy modeling!

[0m01:13:42.772155 [info ] [MainThread]: Setting up your profile.
[0m01:15:44.327080 [error] [MainThread]: Encountered an error:

[0m01:15:44.336724 [error] [MainThread]: Traceback (most recent call last):
  File "/Users/adityadey/miniconda3/envs/melting/lib/python3.11/site-packages/dbt/cli/requires.py", line 87, in wrapper
    result, success = func(*args, **kwargs)
                      ^^^^^^^^^^^^^^^^^^^^^
  File "/Users/adityadey/miniconda3/envs/melting/lib/python3.11/site-packages/dbt/cli/requires.py", line 72, in wrapper
    return func(*args, **kwargs)
           ^^^^^^^^^^^^^^^^^^^^^
  File "/Users/adityadey/miniconda3/envs/melting/lib/python3.11/site-packages/dbt/cli/main.py", line 469, in init
    results = task.run()
              ^^^^^^^^^^
  File "/Users/adityadey/miniconda3/envs/melting/lib/python3.11/site-packages/dbt/task/init.py", line 308, in run
    self.create_profile_from_target(adapter, profile_name=profile_name)
  File "/Users/adityadey/miniconda3/envs/melting/lib/python3.11/site-packages/dbt/task/init.py", line 179, in create_profile_from_target
    self.create_profile_from_profile_template(profile_template, profile_name)
  File "/Users/adityadey/miniconda3/envs/melting/lib/python3.11/site-packages/dbt/task/init.py", line 163, in create_profile_from_profile_template
    target = self.generate_target_from_input(prompts, initial_target)
             ^^^^^^^^^^^^^^^^^^^^^^^^^^^^^^^^^^^^^^^^^^^^^^^^^^^^^^^^
  File "/Users/adityadey/miniconda3/envs/melting/lib/python3.11/site-packages/dbt/task/init.py", line 116, in generate_target_from_input
    target = self.generate_target_from_input(
             ^^^^^^^^^^^^^^^^^^^^^^^^^^^^^^^^
  File "/Users/adityadey/miniconda3/envs/melting/lib/python3.11/site-packages/dbt/task/init.py", line 129, in generate_target_from_input
    target[key] = click.prompt(
                  ^^^^^^^^^^^^^
  File "/Users/adityadey/miniconda3/envs/melting/lib/python3.11/site-packages/click/termui.py", line 164, in prompt
    value = prompt_func(prompt)
            ^^^^^^^^^^^^^^^^^^^
  File "/Users/adityadey/miniconda3/envs/melting/lib/python3.11/site-packages/click/termui.py", line 147, in prompt_func
    raise Abort() from None
click.exceptions.Abort

[0m01:15:44.337959 [debug] [MainThread]: Command `dbt init` failed at 01:15:44.337758 after 135.60 seconds
[0m01:15:44.338623 [debug] [MainThread]: Sending event: {'category': 'dbt', 'action': 'invocation', 'label': 'end', 'context': [<snowplow_tracker.self_describing_json.SelfDescribingJson object at 0x104d80210>, <snowplow_tracker.self_describing_json.SelfDescribingJson object at 0x104d8a6d0>, <snowplow_tracker.self_describing_json.SelfDescribingJson object at 0x100ee9850>]}
[0m01:15:44.339387 [debug] [MainThread]: Flushing usage events
[0m01:15:48.603258 [debug] [MainThread]: Sending event: {'category': 'dbt', 'action': 'invocation', 'label': 'start', 'context': [<snowplow_tracker.self_describing_json.SelfDescribingJson object at 0x107020f10>, <snowplow_tracker.self_describing_json.SelfDescribingJson object at 0x10702a810>, <snowplow_tracker.self_describing_json.SelfDescribingJson object at 0x10702acd0>]}


============================== 01:15:48.605610 | fb01cf06-1054-4cfb-9af6-b6f3d541f1aa ==============================
[0m01:15:48.605610 [info ] [MainThread]: Running with dbt=1.6.3
[0m01:15:48.605891 [debug] [MainThread]: running dbt with arguments {'printer_width': '80', 'indirect_selection': 'eager', 'write_json': 'True', 'log_cache_events': 'False', 'partial_parse': 'True', 'cache_selected_only': 'False', 'profiles_dir': '/Users/adityadey/.dbt', 'version_check': 'True', 'warn_error': 'None', 'log_path': 'logs', 'debug': 'False', 'fail_fast': 'False', 'use_colors': 'True', 'use_experimental_parser': 'False', 'no_print': 'None', 'quiet': 'False', 'log_format': 'default', 'invocation_command': 'dbt init', 'warn_error_options': 'WarnErrorOptions(include=[], exclude=[])', 'introspect': 'True', 'target_path': 'None', 'static_parser': 'True', 'send_anonymous_usage_stats': 'True'}
[0m01:16:08.522764 [debug] [MainThread]: Starter project path: /Users/adityadey/miniconda3/envs/melting/lib/python3.11/site-packages/dbt/include/starter_project
[0m01:16:08.536708 [info ] [MainThread]: 
Your new dbt project "bradley_clean_data" was created!

For more information on how to configure the profiles.yml file,
please consult the dbt documentation here:

  https://docs.getdbt.com/docs/configure-your-profile

One more thing:

Need help? Don't hesitate to reach out to us via GitHub issues or on Slack:

  https://community.getdbt.com/

Happy modeling!

[0m01:16:08.537393 [info ] [MainThread]: Setting up your profile.
[0m01:17:13.302358 [info ] [MainThread]: Profile bradley_clean_data written to /Users/adityadey/.dbt/profiles.yml using target's profile_template.yml and your supplied values. Run 'dbt debug' to validate the connection.
[0m01:17:13.303825 [debug] [MainThread]: Command `dbt init` succeeded at 01:17:13.303633 after 84.71 seconds
[0m01:17:13.304499 [debug] [MainThread]: Sending event: {'category': 'dbt', 'action': 'invocation', 'label': 'end', 'context': [<snowplow_tracker.self_describing_json.SelfDescribingJson object at 0x107020310>, <snowplow_tracker.self_describing_json.SelfDescribingJson object at 0x10702b4d0>, <snowplow_tracker.self_describing_json.SelfDescribingJson object at 0x10702ae50>]}
[0m01:17:13.305397 [debug] [MainThread]: Flushing usage events
